<?xml version="1.0" encoding="UTF-8" standalone="no"?>
<!DOCTYPE log SYSTEM "logger.dtd">
<log>
<record>
  <date>2024-02-23T11:21:44.525-0300</date>
  <logger>JOSE ALISSON ARAUJO PORDEUS</logger>
  <level>FINE</level>
  <message>File 119110645-JOSE ALISSON ARAUJO PORDEUS.zip was received. It was sent by JOSE ALISSON ARAUJO PORDEUS from IP 150.165.74.38 at 23-02-2024 11*21*44</message>
</record>
</log>
<?xml version="1.0" encoding="UTF-8" standalone="no"?>
<!DOCTYPE log SYSTEM "logger.dtd">
<log>
<record>
  <date>2024-02-23T11:22:18.385-0300</date>
  <logger>JOSE ALISSON ARAUJO PORDEUS</logger>
  <level>FINE</level>
  <message>File 119110645-JOSE ALISSON ARAUJO PORDEUS.zip was received. It was sent by JOSE ALISSON ARAUJO PORDEUS from IP 150.165.74.38 at 23-02-2024 11*22*18</message>
</record>
</log>
<?xml version="1.0" encoding="UTF-8" standalone="no"?>
<!DOCTYPE log SYSTEM "logger.dtd">
<log>
<record>
  <date>2024-02-24T17:07:08.376-0300</date>
  <logger>JOSE ALISSON ARAUJO PORDEUS</logger>
  <level>FINE</level>
  <message>File 119110645-JOSE ALISSON ARAUJO PORDEUS.zip was received. It was sent by JOSE ALISSON ARAUJO PORDEUS from IP 172.23.190.130 at 24-02-2024 17*07*08</message>
</record>
</log>
<?xml version="1.0" encoding="UTF-8" standalone="no"?>
<!DOCTYPE log SYSTEM "logger.dtd">
<log>
<record>
  <date>2024-02-24T17:07:21.195-0300</date>
  <logger>JOSE ALISSON ARAUJO PORDEUS</logger>
  <level>FINE</level>
  <message>File 119110645-JOSE ALISSON ARAUJO PORDEUS.zip was received. It was sent by JOSE ALISSON ARAUJO PORDEUS from IP 172.23.190.130 at 24-02-2024 17*07*20</message>
</record>
</log>
<?xml version="1.0" encoding="UTF-8" standalone="no"?>
<!DOCTYPE log SYSTEM "logger.dtd">
<log>
<record>
  <date>2024-02-24T17:09:37.941-0300</date>
  <logger>JOSE ALISSON ARAUJO PORDEUS</logger>
  <level>FINE</level>
  <message>File 119110645-JOSE ALISSON ARAUJO PORDEUS.zip was received. It was sent by JOSE ALISSON ARAUJO PORDEUS from IP 172.23.190.130 at 24-02-2024 17*09*37</message>
</record>
</log>
<?xml version="1.0" encoding="UTF-8" standalone="no"?>
<!DOCTYPE log SYSTEM "logger.dtd">
<log>
<record>
  <date>2024-02-24T17:30:47.727-0300</date>
  <logger>JOSE ALISSON ARAUJO PORDEUS</logger>
  <level>FINE</level>
  <message>File 119110645-JOSE ALISSON ARAUJO PORDEUS.zip was received. It was sent by JOSE ALISSON ARAUJO PORDEUS from IP 172.23.190.130 at 24-02-2024 17*30*47</message>
</record>
</log>
<?xml version="1.0" encoding="UTF-8" standalone="no"?>
<!DOCTYPE log SYSTEM "logger.dtd">
<log>
<record>
  <date>2024-02-24T20:01:33.459-0300</date>
  <logger>JOSE ALISSON ARAUJO PORDEUS</logger>
  <level>FINE</level>
  <message>File 119110645-JOSE ALISSON ARAUJO PORDEUS.zip was received. It was sent by JOSE ALISSON ARAUJO PORDEUS from IP 172.23.190.130 at 24-02-2024 20*01*33</message>
</record>
</log>
<?xml version="1.0" encoding="UTF-8" standalone="no"?>
<!DOCTYPE log SYSTEM "logger.dtd">
<log>
<record>
  <date>2024-02-26T20:48:33.124-0300</date>
  <logger>JOSE ALISSON ARAUJO PORDEUS</logger>
  <level>FINE</level>
  <message>File 119110645-JOSE ALISSON ARAUJO PORDEUS.zip was received. It was sent by JOSE ALISSON ARAUJO PORDEUS from IP 172.23.190.130 at 26-02-2024 20*48*33</message>
</record>
</log>
<?xml version="1.0" encoding="UTF-8" standalone="no"?>
<!DOCTYPE log SYSTEM "logger.dtd">
<log>
<record>
  <date>2024-02-27T20:23:23.609-0300</date>
  <logger>JOSE ALISSON ARAUJO PORDEUS</logger>
  <level>FINE</level>
  <message>File 119110645-JOSE ALISSON ARAUJO PORDEUS.zip was received. It was sent by JOSE ALISSON ARAUJO PORDEUS from IP 172.23.190.130 at 27-02-2024 20*23*23</message>
</record>
</log>
<?xml version="1.0" encoding="UTF-8" standalone="no"?>
<!DOCTYPE log SYSTEM "logger.dtd">
<log>
<record>
  <date>2024-02-27T20:23:53.789-0300</date>
  <logger>JOSE ALISSON ARAUJO PORDEUS</logger>
  <level>FINE</level>
  <message>File 119110645-JOSE ALISSON ARAUJO PORDEUS.zip was received. It was sent by JOSE ALISSON ARAUJO PORDEUS from IP 172.23.190.130 at 27-02-2024 20*23*53</message>
</record>
</log>
<?xml version="1.0" encoding="UTF-8" standalone="no"?>
<!DOCTYPE log SYSTEM "logger.dtd">
<log>
<record>
  <date>2024-02-28T22:44:47.614-0300</date>
  <logger>JOSE ALISSON ARAUJO PORDEUS</logger>
  <level>FINE</level>
  <message>File 119110645-JOSE ALISSON ARAUJO PORDEUS.zip was received. It was sent by JOSE ALISSON ARAUJO PORDEUS from IP 172.23.190.130 at 28-02-2024 22*44*47</message>
</record>
